<?xml version="1.0" encoding="UTF-8"?>
<!-- Generated by org.testng.reporters.JUnitReportReporter -->
<testsuite hostname="LAPTOP-SJRN4F9M" failures="0" tests="4" name="com.qa.test.DemoTest" time="0.035" errors="0" timestamp="2020-07-07T22:28:54 IST" skipped="0">
  <testcase classname="com.qa.test.DemoTest" name="sub" time="0.004"/>
  <system-out/>
  <testcase classname="com.qa.test.DemoTest" name="mul" time="0.002"/>
  <system-out/>
  <testcase classname="com.qa.test.DemoTest" name="sum" time="0.003"/>
  <system-out/>
  <testcase classname="com.qa.test.DemoTest" name="div" time="0.026"/>
  <system-out/>
</testsuite> <!-- com.qa.test.DemoTest -->
