<?xml version="1.0" encoding="UTF-8"?>
<!-- Generated by org.testng.reporters.JUnitReportReporter -->
<testsuite hostname="LAPTOP-SJRN4F9M" failures="0" tests="4" name="com.qa.test.DemoTest2" time="0.003" errors="0" timestamp="2020-07-08T20:34:48 IST" skipped="0">
  <testcase classname="com.qa.test.DemoTest2" name="sub" time="0.001"/>
  <system-out/>
  <testcase classname="com.qa.test.DemoTest2" name="div" time="0.001"/>
  <system-out/>
  <testcase classname="com.qa.test.DemoTest2" name="mul" time="0.000"/>
  <system-out/>
  <testcase classname="com.qa.test.DemoTest2" name="sum" time="0.001"/>
  <system-out/>
</testsuite> <!-- com.qa.test.DemoTest2 -->
